Installing required Node.js modules...

up to date, audited 73 packages in 647ms

12 packages are looking for funding
  run `npm fund` for details

found 0 vulnerabilities
Starting Node.js Express server...
events.js:291
      throw er; // Unhandled 'error' event
      ^

Error: listen EADDRINUSE: address already in use :::3000
    at Server.setupListenHandle [as _listen2] (net.js:1310:16)
    at listenInCluster (net.js:1358:12)
    at Server.listen (net.js:1444:7)
    at Function.listen (/home/chaseuelt/Github/Intro-to-SE-Group-5/node_modules/express/lib/application.js:635:24)
    at Object.<anonymous> (/home/chaseuelt/Github/Intro-to-SE-Group-5/server.js:460:5)
    at Module._compile (internal/modules/cjs/loader.js:999:30)
    at Object.Module._extensions..js (internal/modules/cjs/loader.js:1027:10)
    at Module.load (internal/modules/cjs/loader.js:863:32)
    at Function.Module._load (internal/modules/cjs/loader.js:708:14)
    at Function.executeUserEntryPoint [as runMain] (internal/modules/run_main.js:60:12)
Emitted 'error' event on Server instance at:
    at emitErrorNT (net.js:1337:8)
    at processTicksAndRejections (internal/process/task_queues.js:84:21) {
  code: 'EADDRINUSE',
  errno: 'EADDRINUSE',
  syscall: 'listen',
  address: '::',
  port: 3000
}
Installing required Node.js modules...

up to date, audited 73 packages in 651ms

12 packages are looking for funding
  run `npm fund` for details

found 0 vulnerabilities
Starting Node.js Express server...
events.js:291
      throw er; // Unhandled 'error' event
      ^

Error: listen EADDRINUSE: address already in use :::3000
    at Server.setupListenHandle [as _listen2] (net.js:1310:16)
    at listenInCluster (net.js:1358:12)
    at Server.listen (net.js:1444:7)
    at Function.listen (/home/chaseuelt/Github/Intro-to-SE-Group-5/node_modules/express/lib/application.js:635:24)
    at Object.<anonymous> (/home/chaseuelt/Github/Intro-to-SE-Group-5/server.js:460:5)
    at Module._compile (internal/modules/cjs/loader.js:999:30)
    at Object.Module._extensions..js (internal/modules/cjs/loader.js:1027:10)
    at Module.load (internal/modules/cjs/loader.js:863:32)
    at Function.Module._load (internal/modules/cjs/loader.js:708:14)
    at Function.executeUserEntryPoint [as runMain] (internal/modules/run_main.js:60:12)
Emitted 'error' event on Server instance at:
    at emitErrorNT (net.js:1337:8)
    at processTicksAndRejections (internal/process/task_queues.js:84:21) {
  code: 'EADDRINUSE',
  errno: 'EADDRINUSE',
  syscall: 'listen',
  address: '::',
  port: 3000
}
Installing required Node.js modules...

up to date, audited 73 packages in 709ms

12 packages are looking for funding
  run `npm fund` for details

found 0 vulnerabilities
Starting Node.js Express server...
events.js:291
      throw er; // Unhandled 'error' event
      ^

Error: listen EADDRINUSE: address already in use :::3000
    at Server.setupListenHandle [as _listen2] (net.js:1310:16)
    at listenInCluster (net.js:1358:12)
    at Server.listen (net.js:1444:7)
    at Function.listen (/home/chaseuelt/Github/Intro-to-SE-Group-5/node_modules/express/lib/application.js:635:24)
    at Object.<anonymous> (/home/chaseuelt/Github/Intro-to-SE-Group-5/server.js:460:5)
    at Module._compile (internal/modules/cjs/loader.js:999:30)
    at Object.Module._extensions..js (internal/modules/cjs/loader.js:1027:10)
    at Module.load (internal/modules/cjs/loader.js:863:32)
    at Function.Module._load (internal/modules/cjs/loader.js:708:14)
    at Function.executeUserEntryPoint [as runMain] (internal/modules/run_main.js:60:12)
Emitted 'error' event on Server instance at:
    at emitErrorNT (net.js:1337:8)
    at processTicksAndRejections (internal/process/task_queues.js:84:21) {
  code: 'EADDRINUSE',
  errno: 'EADDRINUSE',
  syscall: 'listen',
  address: '::',
  port: 3000
}
Installing required Node.js modules...

up to date, audited 73 packages in 608ms

12 packages are looking for funding
  run `npm fund` for details

found 0 vulnerabilities
Starting Node.js Express server...
events.js:291
      throw er; // Unhandled 'error' event
      ^

Error: listen EADDRINUSE: address already in use :::3000
    at Server.setupListenHandle [as _listen2] (net.js:1310:16)
    at listenInCluster (net.js:1358:12)
    at Server.listen (net.js:1444:7)
    at Function.listen (/home/chaseuelt/Github/Intro-to-SE-Group-5/node_modules/express/lib/application.js:635:24)
    at Object.<anonymous> (/home/chaseuelt/Github/Intro-to-SE-Group-5/server.js:460:5)
    at Module._compile (internal/modules/cjs/loader.js:999:30)
    at Object.Module._extensions..js (internal/modules/cjs/loader.js:1027:10)
    at Module.load (internal/modules/cjs/loader.js:863:32)
    at Function.Module._load (internal/modules/cjs/loader.js:708:14)
    at Function.executeUserEntryPoint [as runMain] (internal/modules/run_main.js:60:12)
Emitted 'error' event on Server instance at:
    at emitErrorNT (net.js:1337:8)
    at processTicksAndRejections (internal/process/task_queues.js:84:21) {
  code: 'EADDRINUSE',
  errno: 'EADDRINUSE',
  syscall: 'listen',
  address: '::',
  port: 3000
}
Installing required Node.js modules...

up to date, audited 73 packages in 2s

12 packages are looking for funding
  run `npm fund` for details

found 0 vulnerabilities
Starting Node.js Express server...
events.js:291
      throw er; // Unhandled 'error' event
      ^

Error: listen EADDRINUSE: address already in use :::3000
    at Server.setupListenHandle [as _listen2] (net.js:1310:16)
    at listenInCluster (net.js:1358:12)
    at Server.listen (net.js:1444:7)
    at Function.listen (/home/chaseuelt/Github/Intro-to-SE-Group-5/node_modules/express/lib/application.js:635:24)
    at Object.<anonymous> (/home/chaseuelt/Github/Intro-to-SE-Group-5/server.js:460:5)
    at Module._compile (internal/modules/cjs/loader.js:999:30)
    at Object.Module._extensions..js (internal/modules/cjs/loader.js:1027:10)
    at Module.load (internal/modules/cjs/loader.js:863:32)
    at Function.Module._load (internal/modules/cjs/loader.js:708:14)
    at Function.executeUserEntryPoint [as runMain] (internal/modules/run_main.js:60:12)
Emitted 'error' event on Server instance at:
    at emitErrorNT (net.js:1337:8)
    at processTicksAndRejections (internal/process/task_queues.js:84:21) {
  code: 'EADDRINUSE',
  errno: 'EADDRINUSE',
  syscall: 'listen',
  address: '::',
  port: 3000
}
Installing required Node.js modules...

up to date, audited 73 packages in 2s

12 packages are looking for funding
  run `npm fund` for details

found 0 vulnerabilities
Starting Node.js Express server...
events.js:291
      throw er; // Unhandled 'error' event
      ^

Error: listen EADDRINUSE: address already in use :::3000
    at Server.setupListenHandle [as _listen2] (net.js:1310:16)
    at listenInCluster (net.js:1358:12)
    at Server.listen (net.js:1444:7)
    at Function.listen (/home/chaseuelt/Github/Intro-to-SE-Group-5/node_modules/express/lib/application.js:635:24)
    at Object.<anonymous> (/home/chaseuelt/Github/Intro-to-SE-Group-5/server.js:460:5)
    at Module._compile (internal/modules/cjs/loader.js:999:30)
    at Object.Module._extensions..js (internal/modules/cjs/loader.js:1027:10)
    at Module.load (internal/modules/cjs/loader.js:863:32)
    at Function.Module._load (internal/modules/cjs/loader.js:708:14)
    at Function.executeUserEntryPoint [as runMain] (internal/modules/run_main.js:60:12)
Emitted 'error' event on Server instance at:
    at emitErrorNT (net.js:1337:8)
    at processTicksAndRejections (internal/process/task_queues.js:84:21) {
  code: 'EADDRINUSE',
  errno: 'EADDRINUSE',
  syscall: 'listen',
  address: '::',
  port: 3000
}
Installing required Node.js modules...

up to date, audited 73 packages in 616ms

12 packages are looking for funding
  run `npm fund` for details

found 0 vulnerabilities
Starting Node.js Express server...
events.js:291
      throw er; // Unhandled 'error' event
      ^

Error: listen EADDRINUSE: address already in use :::3000
    at Server.setupListenHandle [as _listen2] (net.js:1310:16)
    at listenInCluster (net.js:1358:12)
    at Server.listen (net.js:1444:7)
    at Function.listen (/home/chaseuelt/Github/Intro-to-SE-Group-5/node_modules/express/lib/application.js:635:24)
    at Object.<anonymous> (/home/chaseuelt/Github/Intro-to-SE-Group-5/server.js:460:5)
    at Module._compile (internal/modules/cjs/loader.js:999:30)
    at Object.Module._extensions..js (internal/modules/cjs/loader.js:1027:10)
    at Module.load (internal/modules/cjs/loader.js:863:32)
    at Function.Module._load (internal/modules/cjs/loader.js:708:14)
    at Function.executeUserEntryPoint [as runMain] (internal/modules/run_main.js:60:12)
Emitted 'error' event on Server instance at:
    at emitErrorNT (net.js:1337:8)
    at processTicksAndRejections (internal/process/task_queues.js:84:21) {
  code: 'EADDRINUSE',
  errno: 'EADDRINUSE',
  syscall: 'listen',
  address: '::',
  port: 3000
}
Installing required Node.js modules...

up to date, audited 73 packages in 626ms

12 packages are looking for funding
  run `npm fund` for details

found 0 vulnerabilities
Starting Node.js Express server...
events.js:291
      throw er; // Unhandled 'error' event
      ^

Error: listen EADDRINUSE: address already in use :::3000
    at Server.setupListenHandle [as _listen2] (net.js:1310:16)
    at listenInCluster (net.js:1358:12)
    at Server.listen (net.js:1444:7)
    at Function.listen (/home/chaseuelt/Github/Intro-to-SE-Group-5/node_modules/express/lib/application.js:635:24)
    at Object.<anonymous> (/home/chaseuelt/Github/Intro-to-SE-Group-5/server.js:460:5)
    at Module._compile (internal/modules/cjs/loader.js:999:30)
    at Object.Module._extensions..js (internal/modules/cjs/loader.js:1027:10)
    at Module.load (internal/modules/cjs/loader.js:863:32)
    at Function.Module._load (internal/modules/cjs/loader.js:708:14)
    at Function.executeUserEntryPoint [as runMain] (internal/modules/run_main.js:60:12)
Emitted 'error' event on Server instance at:
    at emitErrorNT (net.js:1337:8)
    at processTicksAndRejections (internal/process/task_queues.js:84:21) {
  code: 'EADDRINUSE',
  errno: 'EADDRINUSE',
  syscall: 'listen',
  address: '::',
  port: 3000
}
